::1 - - [15/Jan/2026:03:39:51 +0000] "POST /api/login HTTP/1.1" - - "-" "PostmanRuntime/7.51.0"
::1 - - [15/Jan/2026:03:39:52 +0000] "POST /api/login HTTP/1.1" - - "-" "PostmanRuntime/7.51.0"
::1 - - [15/Jan/2026:03:40:14 +0000] "POST /api/login HTTP/1.1" 500 74 "-" "PostmanRuntime/7.51.0"
::1 - - [15/Jan/2026:03:40:27 +0000] "POST /api/login HTTP/1.1" 500 74 "-" "PostmanRuntime/7.51.0"
::1 - - [15/Jan/2026:03:40:46 +0000] "POST /api/login HTTP/1.1" 500 74 "-" "PostmanRuntime/7.51.0"
::1 - - [15/Jan/2026:03:43:54 +0000] "POST /api/login HTTP/1.1" 401 44 "-" "PostmanRuntime/7.51.0"
::1 - - [15/Jan/2026:03:43:56 +0000] "POST /api/login HTTP/1.1" 401 44 "-" "PostmanRuntime/7.51.0"
::1 - - [15/Jan/2026:03:43:57 +0000] "POST /api/login HTTP/1.1" 401 44 "-" "PostmanRuntime/7.51.0"
::1 - - [15/Jan/2026:03:44:00 +0000] "POST /api/login HTTP/1.1" 500 74 "-" "PostmanRuntime/7.51.0"
::1 - - [15/Jan/2026:03:44:01 +0000] "POST /api/login HTTP/1.1" 500 74 "-" "PostmanRuntime/7.51.0"
::1 - - [15/Jan/2026:03:44:24 +0000] "POST /api/login HTTP/1.1" 500 74 "-" "PostmanRuntime/7.51.0"
::1 - - [15/Jan/2026:03:45:11 +0000] "POST /api/login HTTP/1.1" 500 74 "-" "PostmanRuntime/7.51.0"
::1 - - [15/Jan/2026:03:45:17 +0000] "POST /api/login HTTP/1.1" 500 74 "-" "PostmanRuntime/7.51.0"
::1 - - [15/Jan/2026:03:45:21 +0000] "POST /api/resgistination HTTP/1.1" 201 182 "-" "PostmanRuntime/7.51.0"
::1 - - [15/Jan/2026:03:45:28 +0000] "POST /api/login HTTP/1.1" 500 74 "-" "PostmanRuntime/7.51.0"
::1 - - [15/Jan/2026:03:45:29 +0000] "POST /api/login HTTP/1.1" 500 74 "-" "PostmanRuntime/7.51.0"
::1 - - [15/Jan/2026:03:47:02 +0000] "POST /api/login HTTP/1.1" 500 74 "-" "PostmanRuntime/7.51.0"
::1 - - [15/Jan/2026:03:47:48 +0000] "POST /api/login HTTP/1.1" 500 74 "-" "PostmanRuntime/7.51.0"
::1 - - [15/Jan/2026:03:47:49 +0000] "POST /api/login HTTP/1.1" 500 74 "-" "PostmanRuntime/7.51.0"
::1 - - [15/Jan/2026:03:47:51 +0000] "POST /api/login HTTP/1.1" 500 74 "-" "PostmanRuntime/7.51.0"
::1 - - [15/Jan/2026:03:48:35 +0000] "POST /api/login HTTP/1.1" 500 74 "-" "PostmanRuntime/7.51.0"
::1 - - [15/Jan/2026:03:48:37 +0000] "POST /api/login HTTP/1.1" 500 74 "-" "PostmanRuntime/7.51.0"
::1 - - [15/Jan/2026:03:49:49 +0000] "POST /api/login HTTP/1.1" 500 74 "-" "PostmanRuntime/7.51.0"
::1 - - [15/Jan/2026:03:51:26 +0000] "POST /api/login HTTP/1.1" 500 74 "-" "PostmanRuntime/7.51.0"
::1 - - [15/Jan/2026:03:51:27 +0000] "POST /api/login HTTP/1.1" 500 74 "-" "PostmanRuntime/7.51.0"
::1 - - [15/Jan/2026:03:52:06 +0000] "POST /api/login HTTP/1.1" 500 74 "-" "PostmanRuntime/7.51.0"
::1 - - [15/Jan/2026:03:52:07 +0000] "POST /api/login HTTP/1.1" 500 74 "-" "PostmanRuntime/7.51.0"
::1 - - [15/Jan/2026:03:53:02 +0000] "POST /api/login HTTP/1.1" 500 74 "-" "PostmanRuntime/7.51.0"
::1 - - [15/Jan/2026:03:54:03 +0000] "POST /api/login HTTP/1.1" 500 74 "-" "PostmanRuntime/7.51.0"
::1 - - [15/Jan/2026:03:54:18 +0000] "POST /api/login HTTP/1.1" 500 74 "-" "PostmanRuntime/7.51.0"
::1 - - [15/Jan/2026:03:55:09 +0000] "POST /api/login HTTP/1.1" - - "-" "PostmanRuntime/7.51.0"
::1 - - [15/Jan/2026:03:55:11 +0000] "POST /api/resgistination HTTP/1.1" - - "-" "PostmanRuntime/7.51.0"
::1 - - [15/Jan/2026:03:55:18 +0000] "POST /api/resgistination HTTP/1.1" - - "-" "PostmanRuntime/7.51.0"
::1 - - [15/Jan/2026:04:20:49 +0000] "GET /api/login HTTP/1.1" 401 28 "-" "Mozilla/5.0 (Windows NT 10.0; Win64; x64) AppleWebKit/537.36 (KHTML, like Gecko) Chrome/143.0.0.0 Safari/537.36"
::1 - - [15/Jan/2026:04:20:55 +0000] "POST /api/login HTTP/1.1" 500 74 "-" "PostmanRuntime/7.51.0"
::1 - - [15/Jan/2026:04:21:16 +0000] "POST /api/login HTTP/1.1" 500 74 "-" "PostmanRuntime/7.51.0"
::1 - - [15/Jan/2026:04:21:49 +0000] "POST /api/login HTTP/1.1" 500 74 "-" "PostmanRuntime/7.51.0"
::1 - - [15/Jan/2026:04:22:22 +0000] "POST /api/login HTTP/1.1" 500 74 "-" "PostmanRuntime/7.51.0"
::1 - - [15/Jan/2026:04:24:36 +0000] "POST /api/login HTTP/1.1" 500 74 "-" "PostmanRuntime/7.51.0"
::1 - - [15/Jan/2026:04:25:59 +0000] "POST /api/login HTTP/1.1" 500 133 "-" "PostmanRuntime/7.51.0"
::1 - - [15/Jan/2026:04:28:39 +0000] "POST /api/login HTTP/1.1" 500 133 "-" "PostmanRuntime/7.51.0"
::1 - - [15/Jan/2026:04:29:08 +0000] "POST /api/login HTTP/1.1" 200 657 "-" "PostmanRuntime/7.51.0"
